<?xml version="1.0" encoding="UTF-8"?>
<testsuite name="Tests" tests="1" skipped="0" failures="0" errors="0" timestamp="2022-09-27T18:59:31" hostname="DESKTOP-6F1GHN9" time="0.476">
  <properties/>
  <testcase name="start" classname="Tests" time="0.476"/>
  <system-out><![CDATA[?[1;31m
Start test 1?[0m
> rock
There is a draw (rock)
> paper
Well done. The computer chose rock and failed
> scissors
Well done. The computer chose paper and failed
> paper
There is a draw (paper)
> scissors
There is a draw (scissors)
> rock
There is a draw (rock)
> paper
Well done. The computer chose rock and failed
> scissors
There is a draw (scissors)
> !exit
Bye!
?[1;31m
Start test 2?[0m
> scissors
There is a draw (scissors)
> scissors
Well done. The computer chose paper and failed
> scissors
Well done. The computer chose paper and failed
> !exit
Bye!
?[1;31m
Start test 3?[0m
> rock
Sorry, but the computer chose paper
> paper
Sorry, but the computer chose scissors
> paper
There is a draw (paper)
> scissors
Well done. The computer chose paper and failed
> blabla
Invalid input
> !exit
Bye!
?[1;31m
Start test 4?[0m
> rock
Well done. The computer chose scissors and failed
> invalid
Invalid input
> !exit
Bye!
?[1;31m
Start test 5?[0m
> rock
There is a draw (rock)
> rock
Sorry, but the computer chose paper
> rock
Sorry, but the computer chose paper
> rock-n-roll
Invalid input
> !exit
Bye!
?[1;31m
Start test 6?[0m
> rock
Well done. The computer chose scissors and failed
> rock
There is a draw (rock)
> rock
Well done. The computer chose scissors and failed
> rock
Sorry, but the computer chose paper
> rock
Sorry, but the computer chose paper
> rock
There is a draw (rock)
> rock
There is a draw (rock)
> rock
There is a draw (rock)
> rock
Sorry, but the computer chose paper
> rock
Sorry, but the computer chose paper
> rock
Sorry, but the computer chose paper
> rock
There is a draw (rock)
> rock
Well done. The computer chose scissors and failed
> rock
Well done. The computer chose scissors and failed
> rock
There is a draw (rock)
> rock
Sorry, but the computer chose paper
> rock
Well done. The computer chose scissors and failed
> rock
Well done. The computer chose scissors and failed
> rock
Well done. The computer chose scissors and failed
> rock
There is a draw (rock)
> rock
There is a draw (rock)
> rock
Sorry, but the computer chose paper
> rock
Sorry, but the computer chose paper
> rock
Well done. The computer chose scissors and failed
> rock
There is a draw (rock)
> rock
Sorry, but the computer chose paper
> rock
Well done. The computer chose scissors and failed
> rock
Well done. The computer chose scissors and failed
> rock
Sorry, but the computer chose paper
> rock
Well done. The computer chose scissors and failed
> rock
Sorry, but the computer chose paper
> rock
Sorry, but the computer chose paper
> rock
Sorry, but the computer chose paper
> rock
Well done. The computer chose scissors and failed
> rock
Well done. The computer chose scissors and failed
> rock
Sorry, but the computer chose paper
> rock
Well done. The computer chose scissors and failed
> rock
There is a draw (rock)
> rock
There is a draw (rock)
> rock
Well done. The computer chose scissors and failed
> rock
Sorry, but the computer chose paper
> rock
Sorry, but the computer chose paper
> rock
Well done. The computer chose scissors and failed
> rock
Sorry, but the computer chose paper
> rock
There is a draw (rock)
> rock
Well done. The computer chose scissors and failed
> rock
There is a draw (rock)
> rock
There is a draw (rock)
> rock
Sorry, but the computer chose paper
> rock
Well done. The computer chose scissors and failed
> rock
Sorry, but the computer chose paper
> rock
Sorry, but the computer chose paper
> rock
Well done. The computer chose scissors and failed
> rock
Well done. The computer chose scissors and failed
> rock
Well done. The computer chose scissors and failed
> rock
Well done. The computer chose scissors and failed
> rock
Sorry, but the computer chose paper
> rock
Sorry, but the computer chose paper
> rock
Sorry, but the computer chose paper
> rock
Sorry, but the computer chose paper
> rock
There is a draw (rock)
> rock
Well done. The computer chose scissors and failed
> rock
There is a draw (rock)
> rock
There is a draw (rock)
> rock
Well done. The computer chose scissors and failed
> rock
Sorry, but the computer chose paper
> rock
Sorry, but the computer chose paper
> rock
There is a draw (rock)
> rock
There is a draw (rock)
> rock
Well done. The computer chose scissors and failed
> rock
Well done. The computer chose scissors and failed
> rock
Sorry, but the computer chose paper
> rock
There is a draw (rock)
> rock
Well done. The computer chose scissors and failed
> rock
There is a draw (rock)
> rock
Sorry, but the computer chose paper
> rock
There is a draw (rock)
> rock
Well done. The computer chose scissors and failed
> rock
Sorry, but the computer chose paper
> rock
There is a draw (rock)
> rock
Sorry, but the computer chose paper
> rock
Sorry, but the computer chose paper
> rock
Sorry, but the computer chose paper
> rock
Well done. The computer chose scissors and failed
> rock
Well done. The computer chose scissors and failed
> rock
There is a draw (rock)
> rock
Sorry, but the computer chose paper
> rock
Well done. The computer chose scissors and failed
> rock
Sorry, but the computer chose paper
> rock
Sorry, but the computer chose paper
> rock
Well done. The computer chose scissors and failed
> rock
There is a draw (rock)
> rock
Sorry, but the computer chose paper
> rock
Well done. The computer chose scissors and failed
> rock
Well done. The computer chose scissors and failed
> rock
There is a draw (rock)
> rock
There is a draw (rock)
> rock
Sorry, but the computer chose paper
> rock
Sorry, but the computer chose paper
> rock
Sorry, but the computer chose paper
> !exit
Bye!
]]></system-out>
  <system-err><![CDATA[]]></system-err>
</testsuite>
